<?xml version="1.0" encoding="UTF-8"?>
<testng-results skipped="0" failed="0" ignored="0" total="9" passed="9">
  <reporter-output>
  </reporter-output>
  <suite name="Suite" duration-ms="109" started-at="2020-09-09T08:42:12 PDT" finished-at="2020-09-09T08:42:12 PDT">
    <groups>
    </groups>
    <test name="Personel Loan" duration-ms="109" started-at="2020-09-09T08:42:12 PDT" finished-at="2020-09-09T08:42:12 PDT">
      <class name="TestNG.Sample4">
        <test-method status="PASS" signature="LoginAPICarLoan()[pri:0, instance:TestNG.Sample4@627551fb]" name="LoginAPICarLoan" duration-ms="2" started-at="2020-09-09T08:42:12 PDT" finished-at="2020-09-09T08:42:12 PDT">
          <reporter-output>
          </reporter-output>
        </test-method> <!-- LoginAPICarLoan -->
        <test-method status="PASS" signature="MobileLoginCarLoan()[pri:0, instance:TestNG.Sample4@627551fb]" name="MobileLoginCarLoan" duration-ms="1" started-at="2020-09-09T08:42:12 PDT" finished-at="2020-09-09T08:42:12 PDT">
          <reporter-output>
          </reporter-output>
        </test-method> <!-- MobileLoginCarLoan -->
        <test-method status="PASS" signature="WebLoginCarLoan()[pri:0, instance:TestNG.Sample4@627551fb]" name="WebLoginCarLoan" duration-ms="1" started-at="2020-09-09T08:42:12 PDT" finished-at="2020-09-09T08:42:12 PDT">
          <reporter-output>
          </reporter-output>
        </test-method> <!-- WebLoginCarLoan -->
      </class> <!-- TestNG.Sample4 -->
      <class name="TestNG.Sample2">
        <test-method status="PASS" signature="Demo3()[pri:0, instance:TestNG.Sample2@3701eaf6]" name="Demo3" duration-ms="3" started-at="2020-09-09T08:42:12 PDT" finished-at="2020-09-09T08:42:12 PDT">
          <reporter-output>
          </reporter-output>
        </test-method> <!-- Demo3 -->
      </class> <!-- TestNG.Sample2 -->
      <class name="TestNG.Sample1">
        <test-method status="PASS" signature="Demo()[pri:0, instance:TestNG.Sample1@5c5a1b69]" name="Demo" duration-ms="2" started-at="2020-09-09T08:42:12 PDT" finished-at="2020-09-09T08:42:12 PDT">
          <reporter-output>
          </reporter-output>
        </test-method> <!-- Demo -->
        <test-method status="PASS" signature="Demo2()[pri:0, instance:TestNG.Sample1@5c5a1b69]" name="Demo2" duration-ms="1" started-at="2020-09-09T08:42:12 PDT" finished-at="2020-09-09T08:42:12 PDT">
          <reporter-output>
          </reporter-output>
        </test-method> <!-- Demo2 -->
      </class> <!-- TestNG.Sample1 -->
      <class name="TestNG.Demo4">
        <test-method status="PASS" signature="LoginAPICarLoan()[pri:0, instance:TestNG.Demo4@43814d18]" name="LoginAPICarLoan" duration-ms="11" started-at="2020-09-09T08:42:12 PDT" finished-at="2020-09-09T08:42:12 PDT">
          <reporter-output>
          </reporter-output>
        </test-method> <!-- LoginAPICarLoan -->
        <test-method status="PASS" signature="MobileLoginCarLoan()[pri:0, instance:TestNG.Demo4@43814d18]" name="MobileLoginCarLoan" duration-ms="4" started-at="2020-09-09T08:42:12 PDT" finished-at="2020-09-09T08:42:12 PDT">
          <reporter-output>
          </reporter-output>
        </test-method> <!-- MobileLoginCarLoan -->
        <test-method status="PASS" signature="WebLoginCarLoan()[pri:0, instance:TestNG.Demo4@43814d18]" name="WebLoginCarLoan" duration-ms="3" started-at="2020-09-09T08:42:12 PDT" finished-at="2020-09-09T08:42:12 PDT">
          <reporter-output>
          </reporter-output>
        </test-method> <!-- WebLoginCarLoan -->
      </class> <!-- TestNG.Demo4 -->
    </test> <!-- Personel Loan -->
  </suite> <!-- Suite -->
</testng-results>
