<?xml version="1.0" encoding="UTF-8"?>
<!-- Generated by org.testng.reporters.JUnitXMLReporter -->
<testsuite hostname="DESKTOP-6SPQFJJ" ignored="0" name="HomeLoan" tests="3" failures="0" timestamp="2020-09-09T08:33:48 PDT" time="0.009" errors="0">
  <testcase name="LoginAPICarLoan" time="0.001" classname="TestNG.Sample4"/>
  <testcase name="MobileLoginCarLoan" time="0.001" classname="TestNG.Sample4"/>
  <testcase name="WebLoginCarLoan" time="0.001" classname="TestNG.Sample4"/>
</testsuite> <!-- HomeLoan -->
