<?xml version="1.0" encoding="UTF-8"?>
<!-- Generated by org.testng.reporters.JUnitXMLReporter -->
<testsuite hostname="DESKTOP-6SPQFJJ" ignored="0" name="Personel Loan" tests="9" failures="0" timestamp="2020-09-09T08:42:12 PDT" time="0.109" errors="0">
  <testcase name="LoginAPICarLoan" time="0.011" classname="TestNG.Demo4"/>
  <testcase name="MobileLoginCarLoan" time="0.004" classname="TestNG.Demo4"/>
  <testcase name="WebLoginCarLoan" time="0.003" classname="TestNG.Demo4"/>
  <testcase name="Demo" time="0.002" classname="TestNG.Sample1"/>
  <testcase name="Demo2" time="0.001" classname="TestNG.Sample1"/>
  <testcase name="Demo3" time="0.003" classname="TestNG.Sample2"/>
  <testcase name="LoginAPICarLoan" time="0.002" classname="TestNG.Sample4"/>
  <testcase name="MobileLoginCarLoan" time="0.001" classname="TestNG.Sample4"/>
  <testcase name="WebLoginCarLoan" time="0.001" classname="TestNG.Sample4"/>
</testsuite> <!-- Personel Loan -->
